<?xml version="1.0" encoding="UTF-8"?>
<!-- Generated by org.testng.reporters.JUnitXMLReporter -->
<testsuite ignored="0" hostname="Sreelekha" failures="0" tests="6" name="TestResults1" time="42.789" errors="0" timestamp="2023-10-28T21:34:01 IST">
  <testcase classname="testNGprograms.AnnotationsDemo2" name="a" time="0.013"/>
  <testcase classname="testNGprograms.AnnotationsDemo2" name="d" time="0.004"/>
  <testcase classname="testNGprograms.AnnotationsDemo1" name="f" time="0.003"/>
  <testcase classname="testNGprograms.FirstProgram" name="f" time="0.004"/>
  <testcase classname="testNGprograms.FirstProgram" name="g" time="0.003"/>
  <testcase classname="testNGprograms.US_megabus" name="f" time="42.65"/>
</testsuite> <!-- TestResults1 -->
