<?xml version="1.0" encoding="UTF-8"?>
<testng-results ignored="0" total="4" passed="4" failed="0" skipped="0">
  <reporter-output>
  </reporter-output>
  <suite started-at="2023-11-02T16:18:57 IST" name="CBT_Suite" finished-at="2023-11-02T16:23:39 IST" duration-ms="281168">
    <groups>
    </groups>
    <test started-at="2023-11-02T16:18:57 IST" name="EdgeTestResults" finished-at="2023-11-02T16:20:06 IST" duration-ms="68992">
      <class name="testNGprograms.CrossBrowserTesting_JRIlogin">
        <test-method is-config="true" signature="beforeClass(java.lang.String)[pri:0, instance:testNGprograms.CrossBrowserTesting_JRIlogin@4c402120]" started-at="2023-11-02T16:18:57 IST" name="beforeClass" finished-at="2023-11-02T16:19:48 IST" duration-ms="50155" status="PASS">
          <params>
            <param index="0">
              <value>
                <![CDATA[Edge]]>
              </value>
            </param>
          </params>
          <reporter-output>
          </reporter-output>
        </test-method> <!-- beforeClass -->
        <test-method signature="login()[pri:0, instance:testNGprograms.CrossBrowserTesting_JRIlogin@4c402120]" started-at="2023-11-02T16:19:48 IST" name="login" finished-at="2023-11-02T16:20:06 IST" duration-ms="18736" status="PASS">
          <reporter-output>
          </reporter-output>
        </test-method> <!-- login -->
      </class> <!-- testNGprograms.CrossBrowserTesting_JRIlogin -->
    </test> <!-- EdgeTestResults -->
    <test started-at="2023-11-02T16:20:07 IST" name="FireFoxTestResults" finished-at="2023-11-02T16:22:23 IST" duration-ms="136806">
      <class name="testNGprograms.CrossBrowserTesting_JRIlogin">
        <test-method is-config="true" signature="beforeClass(java.lang.String)[pri:0, instance:testNGprograms.CrossBrowserTesting_JRIlogin@1c1bbc4e]" started-at="2023-11-02T16:20:07 IST" name="beforeClass" finished-at="2023-11-02T16:21:51 IST" duration-ms="104155" status="PASS">
          <params>
            <param index="0">
              <value>
                <![CDATA[FireFox]]>
              </value>
            </param>
          </params>
          <reporter-output>
          </reporter-output>
        </test-method> <!-- beforeClass -->
        <test-method signature="login()[pri:0, instance:testNGprograms.CrossBrowserTesting_JRIlogin@1c1bbc4e]" started-at="2023-11-02T16:21:51 IST" name="login" finished-at="2023-11-02T16:22:23 IST" duration-ms="32641" status="PASS">
          <reporter-output>
          </reporter-output>
        </test-method> <!-- login -->
      </class> <!-- testNGprograms.CrossBrowserTesting_JRIlogin -->
    </test> <!-- FireFoxTestResults -->
    <test started-at="2023-11-02T16:22:23 IST" name="ChromeTestResults" finished-at="2023-11-02T16:23:26 IST" duration-ms="62575">
      <class name="testNGprograms.CrossBrowserTesting_JRIlogin">
        <test-method is-config="true" signature="beforeClass(java.lang.String)[pri:0, instance:testNGprograms.CrossBrowserTesting_JRIlogin@fbd1f6]" started-at="2023-11-02T16:22:23 IST" name="beforeClass" finished-at="2023-11-02T16:22:50 IST" duration-ms="26880" status="PASS">
          <params>
            <param index="0">
              <value>
                <![CDATA[Chrome]]>
              </value>
            </param>
          </params>
          <reporter-output>
          </reporter-output>
        </test-method> <!-- beforeClass -->
        <test-method signature="login()[pri:0, instance:testNGprograms.CrossBrowserTesting_JRIlogin@fbd1f6]" started-at="2023-11-02T16:22:50 IST" name="login" finished-at="2023-11-02T16:23:26 IST" duration-ms="35685" status="PASS">
          <reporter-output>
          </reporter-output>
        </test-method> <!-- login -->
      </class> <!-- testNGprograms.CrossBrowserTesting_JRIlogin -->
    </test> <!-- ChromeTestResults -->
    <test started-at="2023-11-02T16:23:26 IST" name="HtmlUnitTestResults" finished-at="2023-11-02T16:23:39 IST" duration-ms="12541">
      <class name="testNGprograms.CrossBrowserTesting_JRIlogin">
        <test-method is-config="true" signature="beforeClass(java.lang.String)[pri:0, instance:testNGprograms.CrossBrowserTesting_JRIlogin@24269709]" started-at="2023-11-02T16:23:26 IST" name="beforeClass" finished-at="2023-11-02T16:23:34 IST" duration-ms="7640" status="PASS">
          <params>
            <param index="0">
              <value>
                <![CDATA[HtmlUnit]]>
              </value>
            </param>
          </params>
          <reporter-output>
          </reporter-output>
        </test-method> <!-- beforeClass -->
        <test-method signature="login()[pri:0, instance:testNGprograms.CrossBrowserTesting_JRIlogin@24269709]" started-at="2023-11-02T16:23:34 IST" name="login" finished-at="2023-11-02T16:23:39 IST" duration-ms="4891" status="PASS">
          <reporter-output>
          </reporter-output>
        </test-method> <!-- login -->
      </class> <!-- testNGprograms.CrossBrowserTesting_JRIlogin -->
    </test> <!-- HtmlUnitTestResults -->
  </suite> <!-- CBT_Suite -->
</testng-results>
