<?xml version="1.0" encoding="UTF-8"?>
<testng-results ignored="0" total="2" passed="2" failed="0" skipped="0">
  <reporter-output>
  </reporter-output>
  <suite started-at="2023-10-27T16:49:14 IST" name="Default suite" finished-at="2023-10-27T16:49:52 IST" duration-ms="37610">
    <groups>
    </groups>
    <test started-at="2023-10-27T16:49:14 IST" name="Default test" finished-at="2023-10-27T16:49:52 IST" duration-ms="37610">
      <class name="jri_scenarios.CreateAnAccount_TS01">
        <test-method signature="tc_001()[pri:0, instance:jri_scenarios.CreateAnAccount_TS01@130d63be]" started-at="2023-10-27T16:49:15 IST" name="tc_001" finished-at="2023-10-27T16:49:32 IST" duration-ms="17274" status="PASS">
          <reporter-output>
          </reporter-output>
        </test-method> <!-- tc_001 -->
        <test-method signature="tc_002()[pri:0, instance:jri_scenarios.CreateAnAccount_TS01@130d63be]" started-at="2023-10-27T16:49:32 IST" name="tc_002" finished-at="2023-10-27T16:49:52 IST" duration-ms="20242" status="PASS">
          <reporter-output>
          </reporter-output>
        </test-method> <!-- tc_002 -->
      </class> <!-- jri_scenarios.CreateAnAccount_TS01 -->
    </test> <!-- Default test -->
  </suite> <!-- Default suite -->
</testng-results>
